SF:/Users/mukeshbasira/Documents/sw/firslib/operation.cs
FN:11,System.Int32 firslib.operation::addition(System.Int32,System.Int32)
FNDA:1,System.Int32 firslib.operation::addition(System.Int32,System.Int32)
DA:12,1
DA:13,1
DA:14,1
FN:14,System.Int32 firslib.operation::subtraction(System.Int32,System.Int32)
FNDA:1,System.Int32 firslib.operation::subtraction(System.Int32,System.Int32)
DA:15,1
DA:16,1
DA:17,1
FN:7,System.Void firslib.operation::.ctor()
FNDA:2,System.Void firslib.operation::.ctor()
DA:8,2
DA:9,2
DA:10,2
LF:9
LH:9
BRF:0
BRH:0
FNF:3
FNH:3
end_of_record